build/app/intermediates/manifest_merge_blame_file/debug/manifest-merger-blame-debug-report.txt
1<?xml version="1.0" encoding="utf-8"?>
2<manifest xmlns:android="http://schemas.android.com/apk/res/android"
3    package="com.adilfinal.ecommerce_fyp"
4    android:versionCode="1"
5    android:versionName="1.0.0" >
6
7    <uses-sdk
8        android:minSdkVersion="21"
9        android:targetSdkVersion="30" />
10    <!--
11         Flutter needs it to communicate with the running application
12         to allow setting breakpoints, to provide hot reload, etc.
13    -->
14    <uses-permission android:name="android.permission.INTERNET" />
14-->src\main\AndroidManifest.xml:6:5-66
14-->src\main\AndroidManifest.xml:6:22-64
15    <uses-permission android:name="android.permission.WRITE_EXTERNAL_STORAGE" />
15-->src\main\AndroidManifest.xml:4:5-80
15-->src\main\AndroidManifest.xml:4:22-78
16    <uses-permission android:name="android.permission.READ_EXTERNAL_STORAGE" />
16-->src\main\AndroidManifest.xml:5:5-79
16-->src\main\AndroidManifest.xml:5:22-77
17    <uses-permission android:name="android.permission.ACCESS_NETWORK_STATE" />
17-->src\main\AndroidManifest.xml:7:3-77
17-->src\main\AndroidManifest.xml:7:20-74
18    <uses-permission android:name="android.permission.READ_EXTERNAL_STORAGE" />
18-->src\main\AndroidManifest.xml:5:5-79
18-->src\main\AndroidManifest.xml:5:22-77
19    <uses-permission android:name="android.permission.RECEIVE_BOOT_COMPLETED" />
19-->src\main\AndroidManifest.xml:12:5-80
19-->src\main\AndroidManifest.xml:12:22-78
20    <uses-permission android:name="android.permission.VIBRATE" />
20-->src\main\AndroidManifest.xml:13:5-66
20-->src\main\AndroidManifest.xml:13:22-63
21    <uses-permission android:name="android.permission.WAKE_LOCK" /> <!-- Required by older versions of Google Play services to create IID tokens -->
21-->[com.google.firebase:firebase-messaging:21.1.0] AndroidManifest.xml:23:5-68
21-->[com.google.firebase:firebase-messaging:21.1.0] AndroidManifest.xml:23:22-65
22    <uses-permission android:name="com.google.android.c2dm.permission.RECEIVE" />
22-->[com.google.firebase:firebase-messaging:21.1.0] AndroidManifest.xml:25:5-82
22-->[com.google.firebase:firebase-messaging:21.1.0] AndroidManifest.xml:25:22-79
23    <uses-permission android:name="com.google.android.finsky.permission.BIND_GET_INSTALL_REFERRER_SERVICE" />
23-->[com.google.android.gms:play-services-measurement:18.0.3] AndroidManifest.xml:26:5-110
23-->[com.google.android.gms:play-services-measurement:18.0.3] AndroidManifest.xml:26:22-107
24
25    <application
25-->src\main\AndroidManifest.xml:14:4-63:19
26        android:appComponentFactory="androidx.core.app.CoreComponentFactory"
26-->[androidx.core:core:1.2.0] AndroidManifest.xml:24:18-86
27        android:debuggable="true"
28        android:icon="@mipmap/ic_launcher"
28-->src\main\AndroidManifest.xml:16:9-43
29        android:label="ecommerce_fyp" >
29-->src\main\AndroidManifest.xml:15:9-38
30        <activity
30-->src\main\AndroidManifest.xml:17:9-49:20
31            android:name="com.adilfinal.ecommerce_fyp.MainActivity"
31-->src\main\AndroidManifest.xml:18:13-41
32            android:configChanges="orientation|keyboardHidden|keyboard|screenSize|smallestScreenSize|locale|layoutDirection|fontScale|screenLayout|density|uiMode"
32-->src\main\AndroidManifest.xml:21:13-163
33            android:hardwareAccelerated="true"
33-->src\main\AndroidManifest.xml:22:13-47
34            android:launchMode="singleTop"
34-->src\main\AndroidManifest.xml:19:13-43
35            android:theme="@style/LaunchTheme"
35-->src\main\AndroidManifest.xml:20:13-47
36            android:windowSoftInputMode="adjustResize" >
36-->src\main\AndroidManifest.xml:23:13-55
37
38            <!--
39                 Specifies an Android theme to apply to this Activity as soon as
40                 the Android process has started. This theme is visible to the user
41                 while the Flutter UI initializes. After that, this theme continues
42                 to determine the Window background behind the Flutter UI.
43            -->
44            <meta-data
44-->src\main\AndroidManifest.xml:28:13-31:17
45                android:name="io.flutter.embedding.android.NormalTheme"
45-->src\main\AndroidManifest.xml:29:15-70
46                android:resource="@style/NormalTheme" />
46-->src\main\AndroidManifest.xml:30:15-52
47            <!--
48                 Displays an Android View that continues showing the launch screen
49                 Drawable until Flutter paints its first frame, then this splash
50                 screen fades out. A splash screen is useful to avoid any visual
51                 gap between the end of Android's launch screen and the painting of
52                 Flutter's first frame.
53            -->
54            <meta-data
54-->src\main\AndroidManifest.xml:37:13-40:17
55                android:name="io.flutter.embedding.android.SplashScreenDrawable"
55-->src\main\AndroidManifest.xml:38:15-79
56                android:resource="@drawable/launch_background" />
56-->src\main\AndroidManifest.xml:39:15-61
57
58            <intent-filter>
58-->src\main\AndroidManifest.xml:41:13-44:29
59                <action android:name="android.intent.action.MAIN" />
59-->src\main\AndroidManifest.xml:42:17-68
59-->src\main\AndroidManifest.xml:42:25-66
60
61                <category android:name="android.intent.category.LAUNCHER" />
61-->src\main\AndroidManifest.xml:43:17-76
61-->src\main\AndroidManifest.xml:43:27-74
62            </intent-filter>
63            <intent-filter>
63-->src\main\AndroidManifest.xml:45:13-48:17
64                <action android:name="FLUTTER_NOTIFICATION_CLICK" />
64-->src\main\AndroidManifest.xml:46:5-57
64-->src\main\AndroidManifest.xml:46:13-54
65
66                <category android:name="android.intent.category.DEFAULT" />
66-->src\main\AndroidManifest.xml:47:5-64
66-->src\main\AndroidManifest.xml:47:15-61
67            </intent-filter>
68        </activity>
69
70        <receiver android:name="com.dexterous.flutterlocalnotifications.ScheduledNotificationBootReceiver" >
70-->src\main\AndroidManifest.xml:50:22-54:20
70-->src\main\AndroidManifest.xml:50:32-120
71            <intent-filter>
71-->src\main\AndroidManifest.xml:51:13-53:29
72                <action android:name="android.intent.action.BOOT_COMPLETED" />
72-->src\main\AndroidManifest.xml:52:17-86
72-->src\main\AndroidManifest.xml:52:25-76
73            </intent-filter>
74        </receiver>
75        <receiver android:name="com.dexterous.flutterlocalnotifications.ScheduledNotificationReceiver" />
75-->src\main\AndroidManifest.xml:55:9-106
75-->src\main\AndroidManifest.xml:55:19-103
76
77        <!--
78             Don't delete the meta-data below.
79             This is used by the Flutter tool to generate GeneratedPluginRegistrant.java
80        -->
81        <meta-data
81-->src\main\AndroidManifest.xml:60:9-62:33
82            android:name="flutterEmbedding"
82-->src\main\AndroidManifest.xml:61:13-44
83            android:value="2" />
83-->src\main\AndroidManifest.xml:62:13-30
84
85        <service
85-->[:firebase_storage] AndroidManifest.xml:8:9-12:19
86            android:name="com.google.firebase.components.ComponentDiscoveryService"
86-->[:firebase_storage] AndroidManifest.xml:8:18-89
87            android:directBootAware="true"
87-->[com.google.firebase:firebase-common:19.5.0] AndroidManifest.xml:35:13-43
88            android:exported="false" >
88-->[com.google.firebase:firebase-messaging:21.1.0] AndroidManifest.xml:51:13-37
89            <meta-data
89-->[:firebase_storage] AndroidManifest.xml:9:13-11:85
90                android:name="com.google.firebase.components:io.flutter.plugins.firebase.storage.FlutterFirebaseAppRegistrar"
90-->[:firebase_storage] AndroidManifest.xml:10:17-126
91                android:value="com.google.firebase.components.ComponentRegistrar" />
91-->[:firebase_storage] AndroidManifest.xml:11:17-82
92            <meta-data
92-->[:firebase_messaging] AndroidManifest.xml:14:13-16:85
93                android:name="com.google.firebase.components:io.flutter.plugins.firebasemessaging.FlutterFirebaseAppRegistrar"
93-->[:firebase_messaging] AndroidManifest.xml:15:17-127
94                android:value="com.google.firebase.components.ComponentRegistrar" />
94-->[:firebase_messaging] AndroidManifest.xml:16:17-82
95            <meta-data
95-->[:cloud_firestore] AndroidManifest.xml:9:13-11:85
96                android:name="com.google.firebase.components:io.flutter.plugins.firebase.firestore.FlutterFirebaseFirestoreRegistrar"
96-->[:cloud_firestore] AndroidManifest.xml:10:17-134
97                android:value="com.google.firebase.components.ComponentRegistrar" />
97-->[:cloud_firestore] AndroidManifest.xml:11:17-82
98            <meta-data
98-->[:firebase_database] AndroidManifest.xml:9:13-11:85
99                android:name="com.google.firebase.components:io.flutter.plugins.firebase.database.FlutterFirebaseAppRegistrar"
99-->[:firebase_database] AndroidManifest.xml:10:17-127
100                android:value="com.google.firebase.components.ComponentRegistrar" />
100-->[:firebase_database] AndroidManifest.xml:11:17-82
101            <meta-data
101-->[:firebase_auth] AndroidManifest.xml:9:13-11:85
102                android:name="com.google.firebase.components:io.flutter.plugins.firebase.auth.FlutterFirebaseAuthRegistrar"
102-->[:firebase_auth] AndroidManifest.xml:10:17-124
103                android:value="com.google.firebase.components.ComponentRegistrar" />
103-->[:firebase_auth] AndroidManifest.xml:11:17-82
104            <meta-data
104-->[:firebase_core] AndroidManifest.xml:9:13-11:85
105                android:name="com.google.firebase.components:io.flutter.plugins.firebase.core.FlutterFirebaseCoreRegistrar"
105-->[:firebase_core] AndroidManifest.xml:10:17-124
106                android:value="com.google.firebase.components.ComponentRegistrar" />
106-->[:firebase_core] AndroidManifest.xml:11:17-82
107            <meta-data
107-->[com.google.firebase:firebase-messaging:21.1.0] AndroidManifest.xml:52:13-54:85
108                android:name="com.google.firebase.components:com.google.firebase.messaging.FirebaseMessagingRegistrar"
108-->[com.google.firebase:firebase-messaging:21.1.0] AndroidManifest.xml:53:17-119
109                android:value="com.google.firebase.components.ComponentRegistrar" />
109-->[com.google.firebase:firebase-messaging:21.1.0] AndroidManifest.xml:54:17-82
110            <meta-data
110-->[com.google.firebase:firebase-datatransport:17.0.10] AndroidManifest.xml:28:13-30:85
111                android:name="com.google.firebase.components:com.google.firebase.datatransport.TransportRegistrar"
111-->[com.google.firebase:firebase-datatransport:17.0.10] AndroidManifest.xml:29:17-115
112                android:value="com.google.firebase.components.ComponentRegistrar" />
112-->[com.google.firebase:firebase-datatransport:17.0.10] AndroidManifest.xml:30:17-82
113            <meta-data
113-->[com.google.firebase:firebase-auth:20.0.4] AndroidManifest.xml:77:13-79:85
114                android:name="com.google.firebase.components:com.google.firebase.auth.FirebaseAuthRegistrar"
114-->[com.google.firebase:firebase-auth:20.0.4] AndroidManifest.xml:78:17-109
115                android:value="com.google.firebase.components.ComponentRegistrar" />
115-->[com.google.firebase:firebase-auth:20.0.4] AndroidManifest.xml:79:17-82
116            <meta-data
116-->[com.google.firebase:firebase-iid:21.1.0] AndroidManifest.xml:32:13-34:85
117                android:name="com.google.firebase.components:com.google.firebase.iid.Registrar"
117-->[com.google.firebase:firebase-iid:21.1.0] AndroidManifest.xml:33:17-96
118                android:value="com.google.firebase.components.ComponentRegistrar" />
118-->[com.google.firebase:firebase-iid:21.1.0] AndroidManifest.xml:34:17-82
119            <meta-data
119-->[com.google.firebase:firebase-firestore:22.1.2] AndroidManifest.xml:20:13-22:85
120                android:name="com.google.firebase.components:com.google.firebase.firestore.FirestoreRegistrar"
120-->[com.google.firebase:firebase-firestore:22.1.2] AndroidManifest.xml:21:17-111
121                android:value="com.google.firebase.components.ComponentRegistrar" />
121-->[com.google.firebase:firebase-firestore:22.1.2] AndroidManifest.xml:22:17-82
122            <meta-data
122-->[com.google.firebase:firebase-storage:19.2.2] AndroidManifest.xml:33:13-35:85
123                android:name="com.google.firebase.components:com.google.firebase.storage.StorageRegistrar"
123-->[com.google.firebase:firebase-storage:19.2.2] AndroidManifest.xml:34:17-107
124                android:value="com.google.firebase.components.ComponentRegistrar" />
124-->[com.google.firebase:firebase-storage:19.2.2] AndroidManifest.xml:35:17-82
125            <meta-data
125-->[com.google.android.gms:play-services-measurement-api:18.0.3] AndroidManifest.xml:30:13-32:85
126                android:name="com.google.firebase.components:com.google.firebase.analytics.connector.internal.AnalyticsConnectorRegistrar"
126-->[com.google.android.gms:play-services-measurement-api:18.0.3] AndroidManifest.xml:31:17-139
127                android:value="com.google.firebase.components.ComponentRegistrar" />
127-->[com.google.android.gms:play-services-measurement-api:18.0.3] AndroidManifest.xml:32:17-82
128            <meta-data
128-->[com.google.firebase:firebase-database:19.7.0] AndroidManifest.xml:32:13-34:85
129                android:name="com.google.firebase.components:com.google.firebase.database.DatabaseRegistrar"
129-->[com.google.firebase:firebase-database:19.7.0] AndroidManifest.xml:33:17-109
130                android:value="com.google.firebase.components.ComponentRegistrar" />
130-->[com.google.firebase:firebase-database:19.7.0] AndroidManifest.xml:34:17-82
131            <meta-data
131-->[com.google.firebase:firebase-installations:16.3.5] AndroidManifest.xml:18:13-20:85
132                android:name="com.google.firebase.components:com.google.firebase.installations.FirebaseInstallationsRegistrar"
132-->[com.google.firebase:firebase-installations:16.3.5] AndroidManifest.xml:19:17-127
133                android:value="com.google.firebase.components.ComponentRegistrar" />
133-->[com.google.firebase:firebase-installations:16.3.5] AndroidManifest.xml:20:17-82
134            <!--
135                This registrar is not defined in the dynamic-module-support sdk itself to allow non-firebase
136                clients to use it as well, by defining this registrar in their own core/common library.
137            -->
138            <meta-data
138-->[com.google.firebase:firebase-common:19.5.0] AndroidManifest.xml:43:13-45:85
139                android:name="com.google.firebase.components:com.google.firebase.dynamicloading.DynamicLoadingRegistrar"
139-->[com.google.firebase:firebase-common:19.5.0] AndroidManifest.xml:44:17-121
140                android:value="com.google.firebase.components.ComponentRegistrar" />
140-->[com.google.firebase:firebase-common:19.5.0] AndroidManifest.xml:45:17-82
141        </service>
142
143        <provider
143-->[:image_picker] AndroidManifest.xml:11:9-19:20
144            android:name="io.flutter.plugins.imagepicker.ImagePickerFileProvider"
144-->[:image_picker] AndroidManifest.xml:12:13-82
145            android:authorities="com.adilfinal.ecommerce_fyp.flutter.image_provider"
145-->[:image_picker] AndroidManifest.xml:13:13-74
146            android:exported="false"
146-->[:image_picker] AndroidManifest.xml:14:13-37
147            android:grantUriPermissions="true" >
147-->[:image_picker] AndroidManifest.xml:15:13-47
148            <meta-data
148-->[:image_picker] AndroidManifest.xml:16:13-18:75
149                android:name="android.support.FILE_PROVIDER_PATHS"
149-->[:image_picker] AndroidManifest.xml:17:17-67
150                android:resource="@xml/flutter_image_picker_file_paths" />
150-->[:image_picker] AndroidManifest.xml:18:17-72
151        </provider>
152
153        <service android:name="io.flutter.plugins.firebasemessaging.FlutterFirebaseMessagingService" >
153-->[:firebase_messaging] AndroidManifest.xml:8:9-12:19
153-->[:firebase_messaging] AndroidManifest.xml:8:18-101
154            <intent-filter>
154-->[:firebase_messaging] AndroidManifest.xml:9:13-11:29
155                <action android:name="com.google.firebase.MESSAGING_EVENT" />
155-->[:firebase_messaging] AndroidManifest.xml:10:17-78
155-->[:firebase_messaging] AndroidManifest.xml:10:25-75
156            </intent-filter>
157        </service>
158
159        <receiver
159-->[com.google.firebase:firebase-messaging:21.1.0] AndroidManifest.xml:28:9-35:20
160            android:name="com.google.firebase.iid.FirebaseInstanceIdReceiver"
160-->[com.google.firebase:firebase-messaging:21.1.0] AndroidManifest.xml:29:13-78
161            android:exported="true"
161-->[com.google.firebase:firebase-messaging:21.1.0] AndroidManifest.xml:30:13-36
162            android:permission="com.google.android.c2dm.permission.SEND" >
162-->[com.google.firebase:firebase-messaging:21.1.0] AndroidManifest.xml:31:13-73
163            <intent-filter>
163-->[com.google.firebase:firebase-messaging:21.1.0] AndroidManifest.xml:32:13-34:29
164                <action android:name="com.google.android.c2dm.intent.RECEIVE" />
164-->[com.google.firebase:firebase-messaging:21.1.0] AndroidManifest.xml:33:17-81
164-->[com.google.firebase:firebase-messaging:21.1.0] AndroidManifest.xml:33:25-78
165            </intent-filter>
166        </receiver>
167        <!--
168             FirebaseMessagingService performs security checks at runtime,
169             but set to not exported to explicitly avoid allowing another app to call it.
170        -->
171        <service
171-->[com.google.firebase:firebase-messaging:21.1.0] AndroidManifest.xml:41:9-48:19
172            android:name="com.google.firebase.messaging.FirebaseMessagingService"
172-->[com.google.firebase:firebase-messaging:21.1.0] AndroidManifest.xml:42:13-82
173            android:directBootAware="true"
173-->[com.google.firebase:firebase-messaging:21.1.0] AndroidManifest.xml:43:13-43
174            android:exported="false" >
174-->[com.google.firebase:firebase-messaging:21.1.0] AndroidManifest.xml:44:13-37
175            <intent-filter android:priority="-500" >
175-->[:firebase_messaging] AndroidManifest.xml:9:13-11:29
176                <action android:name="com.google.firebase.MESSAGING_EVENT" />
176-->[:firebase_messaging] AndroidManifest.xml:10:17-78
176-->[:firebase_messaging] AndroidManifest.xml:10:25-75
177            </intent-filter>
178        </service>
179        <service
179-->[com.google.android.datatransport:transport-backend-cct:2.3.3] AndroidManifest.xml:29:9-35:19
180            android:name="com.google.android.datatransport.runtime.backends.TransportBackendDiscovery"
180-->[com.google.android.datatransport:transport-backend-cct:2.3.3] AndroidManifest.xml:30:13-103
181            android:exported="false" >
181-->[com.google.android.datatransport:transport-backend-cct:2.3.3] AndroidManifest.xml:31:13-37
182            <meta-data
182-->[com.google.android.datatransport:transport-backend-cct:2.3.3] AndroidManifest.xml:32:13-34:39
183                android:name="backend:com.google.android.datatransport.cct.CctBackendFactory"
183-->[com.google.android.datatransport:transport-backend-cct:2.3.3] AndroidManifest.xml:33:17-94
184                android:value="cct" />
184-->[com.google.android.datatransport:transport-backend-cct:2.3.3] AndroidManifest.xml:34:17-36
185        </service>
186
187        <activity
187-->[com.google.firebase:firebase-auth:20.0.4] AndroidManifest.xml:27:9-44:20
188            android:name="com.google.firebase.auth.internal.GenericIdpActivity"
188-->[com.google.firebase:firebase-auth:20.0.4] AndroidManifest.xml:28:13-80
189            android:excludeFromRecents="true"
189-->[com.google.firebase:firebase-auth:20.0.4] AndroidManifest.xml:29:13-46
190            android:exported="true"
190-->[com.google.firebase:firebase-auth:20.0.4] AndroidManifest.xml:30:13-36
191            android:launchMode="singleTask"
191-->[com.google.firebase:firebase-auth:20.0.4] AndroidManifest.xml:31:13-44
192            android:theme="@android:style/Theme.Translucent.NoTitleBar" >
192-->[com.google.firebase:firebase-auth:20.0.4] AndroidManifest.xml:32:13-72
193            <intent-filter>
193-->[com.google.firebase:firebase-auth:20.0.4] AndroidManifest.xml:33:13-43:29
194                <action android:name="android.intent.action.VIEW" />
194-->[com.google.firebase:firebase-auth:20.0.4] AndroidManifest.xml:34:17-69
194-->[com.google.firebase:firebase-auth:20.0.4] AndroidManifest.xml:34:25-66
195
196                <category android:name="android.intent.category.DEFAULT" />
196-->src\main\AndroidManifest.xml:47:5-64
196-->src\main\AndroidManifest.xml:47:15-61
197                <category android:name="android.intent.category.BROWSABLE" />
197-->[com.google.firebase:firebase-auth:20.0.4] AndroidManifest.xml:37:17-78
197-->[com.google.firebase:firebase-auth:20.0.4] AndroidManifest.xml:37:27-75
198
199                <data
199-->[com.google.firebase:firebase-auth:20.0.4] AndroidManifest.xml:39:17-42:51
200                    android:host="firebase.auth"
200-->[com.google.firebase:firebase-auth:20.0.4] AndroidManifest.xml:40:21-49
201                    android:path="/"
201-->[com.google.firebase:firebase-auth:20.0.4] AndroidManifest.xml:41:21-37
202                    android:scheme="genericidp" />
202-->[com.google.firebase:firebase-auth:20.0.4] AndroidManifest.xml:42:21-48
203            </intent-filter>
204        </activity>
205        <activity
205-->[com.google.firebase:firebase-auth:20.0.4] AndroidManifest.xml:45:9-62:20
206            android:name="com.google.firebase.auth.internal.RecaptchaActivity"
206-->[com.google.firebase:firebase-auth:20.0.4] AndroidManifest.xml:46:13-79
207            android:excludeFromRecents="true"
207-->[com.google.firebase:firebase-auth:20.0.4] AndroidManifest.xml:47:13-46
208            android:exported="true"
208-->[com.google.firebase:firebase-auth:20.0.4] AndroidManifest.xml:48:13-36
209            android:launchMode="singleTask"
209-->[com.google.firebase:firebase-auth:20.0.4] AndroidManifest.xml:49:13-44
210            android:theme="@android:style/Theme.Translucent.NoTitleBar" >
210-->[com.google.firebase:firebase-auth:20.0.4] AndroidManifest.xml:50:13-72
211            <intent-filter>
211-->[com.google.firebase:firebase-auth:20.0.4] AndroidManifest.xml:51:13-61:29
212                <action android:name="android.intent.action.VIEW" />
212-->[com.google.firebase:firebase-auth:20.0.4] AndroidManifest.xml:34:17-69
212-->[com.google.firebase:firebase-auth:20.0.4] AndroidManifest.xml:34:25-66
213
214                <category android:name="android.intent.category.DEFAULT" />
214-->src\main\AndroidManifest.xml:47:5-64
214-->src\main\AndroidManifest.xml:47:15-61
215                <category android:name="android.intent.category.BROWSABLE" />
215-->[com.google.firebase:firebase-auth:20.0.4] AndroidManifest.xml:37:17-78
215-->[com.google.firebase:firebase-auth:20.0.4] AndroidManifest.xml:37:27-75
216
217                <data
217-->[com.google.firebase:firebase-auth:20.0.4] AndroidManifest.xml:39:17-42:51
218                    android:host="firebase.auth"
218-->[com.google.firebase:firebase-auth:20.0.4] AndroidManifest.xml:40:21-49
219                    android:path="/"
219-->[com.google.firebase:firebase-auth:20.0.4] AndroidManifest.xml:41:21-37
220                    android:scheme="recaptcha" />
220-->[com.google.firebase:firebase-auth:20.0.4] AndroidManifest.xml:42:21-48
221            </intent-filter>
222        </activity>
223
224        <service
224-->[com.google.firebase:firebase-auth:20.0.4] AndroidManifest.xml:64:9-73:19
225            android:name="com.google.firebase.auth.api.fallback.service.FirebaseAuthFallbackService"
225-->[com.google.firebase:firebase-auth:20.0.4] AndroidManifest.xml:65:13-101
226            android:enabled="true"
226-->[com.google.firebase:firebase-auth:20.0.4] AndroidManifest.xml:66:13-35
227            android:exported="false" >
227-->[com.google.firebase:firebase-auth:20.0.4] AndroidManifest.xml:67:13-37
228            <intent-filter>
228-->[com.google.firebase:firebase-auth:20.0.4] AndroidManifest.xml:68:13-72:29
229                <action android:name="com.google.firebase.auth.api.gms.service.START" />
229-->[com.google.firebase:firebase-auth:20.0.4] AndroidManifest.xml:69:17-89
229-->[com.google.firebase:firebase-auth:20.0.4] AndroidManifest.xml:69:25-86
230
231                <category android:name="android.intent.category.DEFAULT" />
231-->src\main\AndroidManifest.xml:47:5-64
231-->src\main\AndroidManifest.xml:47:15-61
232            </intent-filter>
233        </service>
234
235        <provider
235-->[com.google.firebase:firebase-common:19.5.0] AndroidManifest.xml:26:9-31:39
236            android:name="com.google.firebase.provider.FirebaseInitProvider"
236-->[com.google.firebase:firebase-common:19.5.0] AndroidManifest.xml:27:13-77
237            android:authorities="com.adilfinal.ecommerce_fyp.firebaseinitprovider"
237-->[com.google.firebase:firebase-common:19.5.0] AndroidManifest.xml:28:13-72
238            android:directBootAware="true"
238-->[com.google.firebase:firebase-common:19.5.0] AndroidManifest.xml:29:13-43
239            android:exported="false"
239-->[com.google.firebase:firebase-common:19.5.0] AndroidManifest.xml:30:13-37
240            android:initOrder="100" />
240-->[com.google.firebase:firebase-common:19.5.0] AndroidManifest.xml:31:13-36
241
242        <activity
242-->[com.google.android.gms:play-services-base:17.1.0] AndroidManifest.xml:23:9-26:75
243            android:name="com.google.android.gms.common.api.GoogleApiActivity"
243-->[com.google.android.gms:play-services-base:17.1.0] AndroidManifest.xml:24:13-79
244            android:exported="false"
244-->[com.google.android.gms:play-services-base:17.1.0] AndroidManifest.xml:25:13-37
245            android:theme="@android:style/Theme.Translucent.NoTitleBar" />
245-->[com.google.android.gms:play-services-base:17.1.0] AndroidManifest.xml:26:13-72
246
247        <receiver
247-->[com.google.android.gms:play-services-measurement:18.0.3] AndroidManifest.xml:29:9-33:20
248            android:name="com.google.android.gms.measurement.AppMeasurementReceiver"
248-->[com.google.android.gms:play-services-measurement:18.0.3] AndroidManifest.xml:30:13-85
249            android:enabled="true"
249-->[com.google.android.gms:play-services-measurement:18.0.3] AndroidManifest.xml:31:13-35
250            android:exported="false" >
250-->[com.google.android.gms:play-services-measurement:18.0.3] AndroidManifest.xml:32:13-37
251        </receiver>
252
253        <service
253-->[com.google.android.gms:play-services-measurement:18.0.3] AndroidManifest.xml:35:9-38:40
254            android:name="com.google.android.gms.measurement.AppMeasurementService"
254-->[com.google.android.gms:play-services-measurement:18.0.3] AndroidManifest.xml:36:13-84
255            android:enabled="true"
255-->[com.google.android.gms:play-services-measurement:18.0.3] AndroidManifest.xml:37:13-35
256            android:exported="false" />
256-->[com.google.android.gms:play-services-measurement:18.0.3] AndroidManifest.xml:38:13-37
257        <service
257-->[com.google.android.gms:play-services-measurement:18.0.3] AndroidManifest.xml:39:9-43:72
258            android:name="com.google.android.gms.measurement.AppMeasurementJobService"
258-->[com.google.android.gms:play-services-measurement:18.0.3] AndroidManifest.xml:40:13-87
259            android:enabled="true"
259-->[com.google.android.gms:play-services-measurement:18.0.3] AndroidManifest.xml:41:13-35
260            android:exported="false"
260-->[com.google.android.gms:play-services-measurement:18.0.3] AndroidManifest.xml:42:13-37
261            android:permission="android.permission.BIND_JOB_SERVICE" />
261-->[com.google.android.gms:play-services-measurement:18.0.3] AndroidManifest.xml:43:13-69
262
263        <meta-data
263-->[com.google.android.gms:play-services-basement:17.1.0] AndroidManifest.xml:23:9-25:69
264            android:name="com.google.android.gms.version"
264-->[com.google.android.gms:play-services-basement:17.1.0] AndroidManifest.xml:24:13-58
265            android:value="@integer/google_play_services_version" />
265-->[com.google.android.gms:play-services-basement:17.1.0] AndroidManifest.xml:25:13-66
266
267        <service
267-->[com.google.android.datatransport:transport-runtime:2.2.5] AndroidManifest.xml:26:9-30:19
268            android:name="com.google.android.datatransport.runtime.scheduling.jobscheduling.JobInfoSchedulerService"
268-->[com.google.android.datatransport:transport-runtime:2.2.5] AndroidManifest.xml:27:13-117
269            android:exported="false"
269-->[com.google.android.datatransport:transport-runtime:2.2.5] AndroidManifest.xml:28:13-37
270            android:permission="android.permission.BIND_JOB_SERVICE" >
270-->[com.google.android.datatransport:transport-runtime:2.2.5] AndroidManifest.xml:29:13-69
271        </service>
272
273        <receiver
273-->[com.google.android.datatransport:transport-runtime:2.2.5] AndroidManifest.xml:32:9-34:40
274            android:name="com.google.android.datatransport.runtime.scheduling.jobscheduling.AlarmManagerSchedulerBroadcastReceiver"
274-->[com.google.android.datatransport:transport-runtime:2.2.5] AndroidManifest.xml:33:13-132
275            android:exported="false" />
275-->[com.google.android.datatransport:transport-runtime:2.2.5] AndroidManifest.xml:34:13-37
276    </application>
277
278</manifest>